2026-05-21 20:26:07,237 - DBConnection - INFO - db.py - __init__ - Creating new database engine.
2026-05-21 20:34:07,960 - DBConnection - INFO - db.py - __init__ - Creating new database engine.
2026-05-21 20:34:07,986 - DBConnection - INFO - db.py - __init__ - Database engine created successfully.
2026-05-21 20:34:09,031 - AgricultureService - ERROR - AgricultureService.py - _get_data - Error in _get_data: (pymysql.err.OperationalError) (1045, "Access denied for user 'user'@'103.187.95.139' (using password: YES)")
(Background on this error at: https://sqlalche.me/e/20/e3q8)
2026-05-21 20:34:09,032 - AgricultureService - ERROR - AgricultureService.py - get_farm_summary - Error in get_farm_summary: Error occurred: [/Users/user/Documents/job_tasks/weGrow/Agriculture/src/service/AgricultureService.py] at line number [13]: Error in _get_data
2026-05-21 20:36:09,950 - DBConnection - INFO - db.py - __init__ - Creating new database engine.
2026-05-21 20:36:09,972 - DBConnection - INFO - db.py - __init__ - Database engine created successfully.
2026-05-21 20:36:10,334 - AgricultureService - ERROR - AgricultureService.py - _get_data - Error in _get_data: (pymysql.err.OperationalError) (1045, "Access denied for user 'user'@'103.187.95.139' (using password: YES)")
(Background on this error at: https://sqlalche.me/e/20/e3q8)
2026-05-21 20:36:10,335 - AgricultureService - ERROR - AgricultureService.py - get_farm_summary - Error in get_farm_summary: Error occurred: [/Users/user/Documents/job_tasks/weGrow/Agriculture/src/service/AgricultureService.py] at line number [13]: Error in _get_data
2026-05-21 20:45:19,729 - DBConnection - INFO - db.py - __init__ - Creating new database engine.
2026-05-21 20:46:19,548 - DBConnection - INFO - db.py - __init__ - Creating new database engine.
2026-05-21 20:46:42,628 - DBConnection - INFO - db.py - __init__ - Creating new database engine.
2026-05-21 20:56:03,266 - DBConnection - INFO - db.py - __init__ - Creating new database engine.
2026-05-21 20:56:03,290 - DBConnection - INFO - db.py - __init__ - Database engine created successfully.
2026-05-21 20:56:03,290 - AgricultureService - INFO - AgricultureService.py - __init__ - URI : mysql+pymysql://guest_user_37297:mn&&875382!:0@187.127.158.23:3306/None
2026-05-21 20:56:03,701 - AgricultureService - ERROR - AgricultureService.py - _get_data - Error in _get_data: (pymysql.err.OperationalError) (1044, "Access denied for user 'guest_user_37297'@'%' to database 'None'")
(Background on this error at: https://sqlalche.me/e/20/e3q8)
2026-05-21 20:56:03,701 - AgricultureService - ERROR - AgricultureService.py - get_farm_summary - Error in get_farm_summary: Error occurred: [/Users/user/Documents/job_tasks/weGrow/Agriculture/src/service/AgricultureService.py] at line number [14]: Error in _get_data
2026-05-21 20:58:04,560 - DBConnection - INFO - db.py - __init__ - Creating new database engine.
2026-05-21 20:58:04,596 - DBConnection - INFO - db.py - __init__ - Database engine created successfully.
2026-05-21 20:58:04,596 - AgricultureService - INFO - AgricultureService.py - __init__ - URI : mysql+pymysql://guest_user_37297:mn&&875382!:0@187.127.158.23:3306/agriculture_db
2026-05-21 20:58:05,476 - AgricultureService - INFO - AgricultureService.py - _get_data - Data retrieved successfully with 5 records.
